     Running `target/debug/podcastsucker`
Sucking Channel: This Week in Tech (MP3)
fetching http://www.podtrac.com/pts/redirect.mp3/twit.cachefly.net/audio/twit/twit0536/twit0536.mp3
fetching http://www.podtrac.com/pts/redirect.mp3/twit.cachefly.net/audio/twit/twit0534/twit0534.mp3
fetching http://www.podtrac.com/pts/redirect.mp3/twit.cachefly.net/audio/twit/twit0537/twit0537.mp3
fetching http://www.podtrac.com/pts/redirect.mp3/twit.cachefly.net/audio/twit/twit0528/twit0528.mp3
fetching http://www.podtrac.com/pts/redirect.mp3/twit.cachefly.net/audio/twit/twit0529/twit0529.mp3
fetching http://www.podtrac.com/pts/redirect.mp3/twit.cachefly.net/audio/twit/twit0530/twit0530.mp3
fetching http://www.podtrac.com/pts/redirect.mp3/twit.cachefly.net/audio/twit/twit0533/twit0533.mp3
fetching http://www.podtrac.com/pts/redirect.mp3/twit.cachefly.net/audio/twit/twit0531/twit0531.mp3
fetching http://www.podtrac.com/pts/redirect.mp3/twit.cachefly.net/audio/twit/twit0532/twit0532.mp3
fetching http://www.podtrac.com/pts/redirect.mp3/twit.cachefly.net/audio/twit/twit0535/twit0535.mp3
Fetched file: twit0530.mp3
Start: 2015-11-24 09:42:19.808543 -05:00
End: 2015-11-24 09:42:27.430103 -05:00
Fetched file: twit0531.mp3
Start: 2015-11-24 09:42:19.808527 -05:00
End: 2015-11-24 09:42:28.194468 -05:00
Fetched file: twit0536.mp3
Start: 2015-11-24 09:42:19.808422 -05:00
End: 2015-11-24 09:42:28.890402 -05:00
Fetched file: twit0537.mp3
Start: 2015-11-24 09:42:19.808413 -05:00
End: 2015-11-24 09:42:28.943293 -05:00
Fetched file: twit0528.mp3
Start: 2015-11-24 09:42:19.808587 -05:00
End: 2015-11-24 09:42:28.955300 -05:00
Fetched file: twit0529.mp3
Start: 2015-11-24 09:42:19.808571 -05:00
End: 2015-11-24 09:42:33.159730 -05:00
Fetched file: twit0532.mp3
Start: 2015-11-24 09:42:19.808508 -05:00
End: 2015-11-24 09:42:33.324069 -05:00
Fetched file: twit0535.mp3
Start: 2015-11-24 09:42:19.808454 -05:00
End: 2015-11-24 09:42:33.363601 -05:00
Fetched file: twit0534.mp3
Start: 2015-11-24 09:42:19.808456 -05:00
End: 2015-11-24 09:42:33.595164 -05:00
Fetched file: twit0533.mp3
Start: 2015-11-24 09:42:19.808492 -05:00
End: 2015-11-24 09:42:33.607772 -05:00
